<?xml version="1.0" encoding="UTF-8"?>
<!-- Generated by org.testng.reporters.JUnitXMLReporter -->
<testsuite ignored="0" hostname="INHL1132" failures="0" tests="5" name="SeleniumCloudfinder" time="102.641" errors="0" timestamp="2020-02-12T14:22:19 IST">
  <testcase classname="com.cloudfinder.qa.testcases.LoginPageTest" name="loginPageTitleTest" time="0.038"/>
  <testcase classname="com.cloudfinder.qa.testcases.LoginPageTest" name="loginFailedTest" time="4.701"/>
  <testcase classname="com.cloudfinder.qa.testcases.LoginPageTest" name="loginSuccessTest" time="4.099"/>
  <testcase classname="com.cloudfinder.qa.testcases.HomePageTest" name="restoreUser" time="12.415"/>
  <testcase classname="com.cloudfinder.qa.testcases.ReportsPageTest" name="restoreStatus" time="23.0"/>
</testsuite> <!-- SeleniumCloudfinder -->
